<?xml version="1.0" encoding="UTF-8" ?>
<testsuite tests="20" failures="0" name="pv260.unittesting.Vector2DTest" time="0.03" errors="0" skipped="0">
  <properties>
[...]
</properties>
  <testcase classname="pv260.unittesting.Vector2DTest" name="testNormalized [0;10, 0;1]" time="0.014"/>
  <testcase classname="pv260.unittesting.Vector2DTest" name="testNormalized [-1;1, -0.707106782373095;0.707106782373095]" time="0"/>
  <testcase classname="pv260.unittesting.Vector2DTest" name="testRotatedBy [1;0, 90, 0;1]" time="0.001"/>
  <testcase classname="pv260.unittesting.Vector2DTest" name="testRotatedBy [1;0, -90, 0;-1]" time="0"/>
  <testcase classname="pv260.unittesting.Vector2DTest" name="testRotatedBy [-1;-1, 45, 0;-1.41421]" time="0.001"/>
  <testcase classname="pv260.unittesting.Vector2DTest" name="testBetweenTwoPoints [1;2, 3;4, 2;2]" time="0"/>
  <testcase classname="pv260.unittesting.Vector2DTest" name="testBetweenTwoPoints [-7;4, -4;-3, 3;-7]" time="0.002"/>
  <testcase classname="pv260.unittesting.Vector2DTest" name="testAngleDeg [1;1, 45.0]" time="0.004"/>
  <testcase classname="pv260.unittesting.Vector2DTest" name="testAngleDeg [0;1, 90.0]" time="0.001"/>
  <testcase classname="pv260.unittesting.Vector2DTest" name="testAngleDeg [-1;-1, -135.0]" time="0.001"/>
  <testcase classname="pv260.unittesting.Vector2DTest" name="testFromAngle [45, 5.65685, 4;4]" time="0.002"/>
  <testcase classname="pv260.unittesting.Vector2DTest" name="testFromAngle [171.8699, 7.07107, -7;1]" time="0.002"/>
  <testcase classname="pv260.unittesting.Vector2DTest" name="testFromAngle [225, 1.41421, -1;-1]" time="0"/>
  <testcase classname="pv260.unittesting.Vector2DTest" name="testFromAngle [296.56505, 4.47214, 2;-4]" time="0"/>
  <testcase classname="pv260.unittesting.Vector2DTest" name="testLength [0;1, 1]" time="0"/>
  <testcase classname="pv260.unittesting.Vector2DTest" name="testLength [1;1, 1.41421356]" time="0.001"/>
  <testcase classname="pv260.unittesting.Vector2DTest" name="testLength [-1;-1, 1.41421356]" time="0.001"/>
  <testcase classname="pv260.unittesting.Vector2DTest" name="testLength [2;-3, 3.60555]" time="0"/>
  <testcase classname="pv260.unittesting.Vector2DTest" name="testShiftedBy [0;0, 1;1, 1;1]" time="0"/>
  <testcase classname="pv260.unittesting.Vector2DTest" name="testShiftedBy [-1;3, 1;-3, 0;0]" time="0"/>
</testsuite>